1558604718908	mozrunner::runner	INFO	Running command: "/usr/bin/firefox" "-marionette" "-foreground" "-no-remote" "-profile" "/tmp/rust_mozprofile.mfsq7ncbBSjW"
1558604721068	Marionette	INFO	Listening on port 2828
[Child 2751] ###!!! ABORT: Aborting on channel error.: file /build/firefox-esr-G5QQ5R/firefox-esr-52.9.0esr/ipc/glue/MessageChannel.cpp, line 2152
[Child 2751] ###!!! ABORT: Aborting on channel error.: file /build/firefox-esr-G5QQ5R/firefox-esr-52.9.0esr/ipc/glue/MessageChannel.cpp, line 2152
1558619479949	mozrunner::runner	INFO	Running command: "/usr/bin/firefox" "-marionette" "-foreground" "-no-remote" "-profile" "/tmp/rust_mozprofile.J7AzCL6zKi9O"
1558619484136	Marionette	INFO	Listening on port 2828

###!!! [Child][MessageChannel] Error: (msgtype=0x3E0003,name=PCompositable::Msg_Destroy) Channel error: cannot send/recv


###!!! [Child][MessageChannel] Error: (msgtype=0x3E0003,name=PCompositable::Msg_Destroy) Channel error: cannot send/recv

[GFX1-]: Receive IPC close with reason=AbnormalShutdown
[Child 3255] WARNING: pipe error (3): Connection reset by peer: file /build/firefox-esr-G5QQ5R/firefox-esr-52.9.0esr/ipc/chromium/src/chrome/common/ipc_channel_posix.cc, line 322
[Child 3255] ###!!! ABORT: Aborting on channel error.: file /build/firefox-esr-G5QQ5R/firefox-esr-52.9.0esr/ipc/glue/MessageChannel.cpp, line 2152
[Child 3255] ###!!! ABORT: Aborting on channel error.: file /build/firefox-esr-G5QQ5R/firefox-esr-52.9.0esr/ipc/glue/MessageChannel.cpp, line 2152
1558634193829	mozrunner::runner	INFO	Running command: "/usr/bin/firefox" "-marionette" "-foreground" "-no-remote" "-profile" "/tmp/rust_mozprofile.KTI6LABbK4OD"
1558634201496	addons.webextension.screenshots@mozilla.org	WARN	Loading extension 'screenshots@mozilla.org': Reading manifest: Invalid extension permission: mozillaAddons
1558634201498	addons.webextension.screenshots@mozilla.org	WARN	Loading extension 'screenshots@mozilla.org': Reading manifest: Invalid extension permission: resource://pdf.js/
1558634201498	addons.webextension.screenshots@mozilla.org	WARN	Loading extension 'screenshots@mozilla.org': Reading manifest: Invalid extension permission: about:reader*
1558634241652	mozrunner::runner	INFO	Running command: "/usr/bin/firefox" "-marionette" "-foreground" "-no-remote" "-profile" "/tmp/rust_mozprofile.xRk4XtVCX6gu"
1558634242833	addons.webextension.screenshots@mozilla.org	WARN	Loading extension 'screenshots@mozilla.org': Reading manifest: Invalid extension permission: mozillaAddons
1558634242834	addons.webextension.screenshots@mozilla.org	WARN	Loading extension 'screenshots@mozilla.org': Reading manifest: Invalid extension permission: resource://pdf.js/
1558634242834	addons.webextension.screenshots@mozilla.org	WARN	Loading extension 'screenshots@mozilla.org': Reading manifest: Invalid extension permission: about:reader*
JavaScript error: jar:file:///usr/lib/firefox/omni.ja!/components/addonsInfo.js, line 105: TypeError: XPCOMUtils.generateQI is not a function
1558634252653	Marionette	INFO	Listening on port 44327
1558634252838	Marionette	WARN	TLS certificate errors will be ignored for this session
console.error: BroadcastService: 
  receivedBroadcastMessage: handler for
  remote-settings/monitor_changes
  threw error:
  Message: Error: Polling for changes failed: NetworkError when attempting to fetch resource..
  Stack:
    remoteSettingsFunction/remoteSettings.pollChanges@resource://services-settings/remote-settings.js:190:13

1558634343177	mozrunner::runner	INFO	Running command: "/usr/bin/firefox" "-marionette" "-foreground" "-no-remote" "-profile" "/tmp/rust_mozprofile.lKjPWSSSA6i6"
1558634344507	addons.webextension.screenshots@mozilla.org	WARN	Loading extension 'screenshots@mozilla.org': Reading manifest: Invalid extension permission: mozillaAddons
1558634344508	addons.webextension.screenshots@mozilla.org	WARN	Loading extension 'screenshots@mozilla.org': Reading manifest: Invalid extension permission: resource://pdf.js/
1558634344508	addons.webextension.screenshots@mozilla.org	WARN	Loading extension 'screenshots@mozilla.org': Reading manifest: Invalid extension permission: about:reader*
JavaScript error: jar:file:///usr/lib/firefox/omni.ja!/components/addonsInfo.js, line 105: TypeError: XPCOMUtils.generateQI is not a function
1558634349588	Marionette	INFO	Listening on port 38939
1558634349627	Marionette	WARN	TLS certificate errors will be ignored for this session
1558634418741	mozrunner::runner	INFO	Running command: "/usr/bin/firefox" "-marionette" "-foreground" "-no-remote" "-profile" "/tmp/rust_mozprofile.yOc5xJOnIS3J"
1558634421532	addons.webextension.screenshots@mozilla.org	WARN	Loading extension 'screenshots@mozilla.org': Reading manifest: Invalid extension permission: mozillaAddons
1558634421534	addons.webextension.screenshots@mozilla.org	WARN	Loading extension 'screenshots@mozilla.org': Reading manifest: Invalid extension permission: resource://pdf.js/
1558634421534	addons.webextension.screenshots@mozilla.org	WARN	Loading extension 'screenshots@mozilla.org': Reading manifest: Invalid extension permission: about:reader*
JavaScript error: jar:file:///usr/lib/firefox/omni.ja!/components/addonsInfo.js, line 105: TypeError: XPCOMUtils.generateQI is not a function
1558634431017	Marionette	INFO	Listening on port 35711
1558634431314	Marionette	WARN	TLS certificate errors will be ignored for this session
console.error: BroadcastService: 
  receivedBroadcastMessage: handler for
  remote-settings/monitor_changes
  threw error:
  Message: Error: Polling for changes failed: NetworkError when attempting to fetch resource..
  Stack:
    remoteSettingsFunction/remoteSettings.pollChanges@resource://services-settings/remote-settings.js:190:13

1558634469791	mozrunner::runner	INFO	Running command: "/usr/bin/firefox" "-marionette" "-foreground" "-no-remote" "-profile" "/tmp/rust_mozprofile.IvqMVSp6Cx3s"
1558634474603	addons.webextension.screenshots@mozilla.org	WARN	Loading extension 'screenshots@mozilla.org': Reading manifest: Invalid extension permission: mozillaAddons
1558634474640	addons.webextension.screenshots@mozilla.org	WARN	Loading extension 'screenshots@mozilla.org': Reading manifest: Invalid extension permission: resource://pdf.js/
1558634474640	addons.webextension.screenshots@mozilla.org	WARN	Loading extension 'screenshots@mozilla.org': Reading manifest: Invalid extension permission: about:reader*
JavaScript error: jar:file:///usr/lib/firefox/omni.ja!/components/addonsInfo.js, line 105: TypeError: XPCOMUtils.generateQI is not a function
1558634491707	Marionette	INFO	Listening on port 34205
1558634492072	Marionette	WARN	TLS certificate errors will be ignored for this session
console.error: BroadcastService: 
  receivedBroadcastMessage: handler for
  remote-settings/monitor_changes
  threw error:
  Message: Error: Polling for changes failed: NetworkError when attempting to fetch resource..
  Stack:
    remoteSettingsFunction/remoteSettings.pollChanges@resource://services-settings/remote-settings.js:190:13

1558634543748	mozrunner::runner	INFO	Running command: "/usr/bin/firefox" "-marionette" "-foreground" "-no-remote" "-profile" "/tmp/rust_mozprofile.4oV3LaqleAwt"
1558634547991	addons.webextension.screenshots@mozilla.org	WARN	Loading extension 'screenshots@mozilla.org': Reading manifest: Invalid extension permission: mozillaAddons
1558634547992	addons.webextension.screenshots@mozilla.org	WARN	Loading extension 'screenshots@mozilla.org': Reading manifest: Invalid extension permission: resource://pdf.js/
1558634547993	addons.webextension.screenshots@mozilla.org	WARN	Loading extension 'screenshots@mozilla.org': Reading manifest: Invalid extension permission: about:reader*
JavaScript error: jar:file:///usr/lib/firefox/omni.ja!/components/addonsInfo.js, line 105: TypeError: XPCOMUtils.generateQI is not a function
console.error: BroadcastService: 
  receivedBroadcastMessage: handler for
  remote-settings/monitor_changes
  threw error:
  Message: Error: Polling for changes failed: NetworkError when attempting to fetch resource..
  Stack:
    remoteSettingsFunction/remoteSettings.pollChanges@resource://services-settings/remote-settings.js:190:13

1558634567186	Marionette	INFO	Listening on port 36845
1558634567395	Marionette	WARN	TLS certificate errors will be ignored for this session
1558634575293	Marionette	INFO	Stopped listening on port 36845
console.error: BroadcastService: 
  receivedBroadcastMessage: handler for
  remote-settings/monitor_changes
  threw error:
  Message: Error: Polling for changes failed: NetworkError when attempting to fetch resource..
  Stack:
    remoteSettingsFunction/remoteSettings.pollChanges@resource://services-settings/remote-settings.js:190:13

1558634823173	mozrunner::runner	INFO	Running command: "/usr/bin/firefox" "-marionette" "-foreground" "-no-remote" "-profile" "/tmp/rust_mozprofile.D5ujiuM7VTx0"
1558634824581	addons.webextension.screenshots@mozilla.org	WARN	Loading extension 'screenshots@mozilla.org': Reading manifest: Invalid extension permission: mozillaAddons
1558634824582	addons.webextension.screenshots@mozilla.org	WARN	Loading extension 'screenshots@mozilla.org': Reading manifest: Invalid extension permission: resource://pdf.js/
1558634824582	addons.webextension.screenshots@mozilla.org	WARN	Loading extension 'screenshots@mozilla.org': Reading manifest: Invalid extension permission: about:reader*
JavaScript error: jar:file:///usr/lib/firefox/omni.ja!/components/addonsInfo.js, line 105: TypeError: XPCOMUtils.generateQI is not a function
1558634832252	Marionette	INFO	Listening on port 33647
1558634832913	Marionette	WARN	TLS certificate errors will be ignored for this session
1558634833928	Marionette	INFO	Stopped listening on port 33647
[Parent 7033, Gecko_IOThread] WARNING: pipe error (69): Connection reset by peer: file /build/firefox-Zni615/firefox-66.0.5/ipc/chromium/src/chrome/common/ipc_channel_posix.cc, line 357
[Parent 7033, Gecko_IOThread] WARNING: pipe error (88): Connection reset by peer: file /build/firefox-Zni615/firefox-66.0.5/ipc/chromium/src/chrome/common/ipc_channel_posix.cc, line 357
console.error: BroadcastService: 
  receivedBroadcastMessage: handler for
  remote-settings/monitor_changes
  threw error:
  Message: Error: Polling for changes failed: NetworkError when attempting to fetch resource..
  Stack:
    remoteSettingsFunction/remoteSettings.pollChanges@resource://services-settings/remote-settings.js:190:13

1558634872271	mozrunner::runner	INFO	Running command: "/usr/bin/firefox" "-marionette" "-foreground" "-no-remote" "-profile" "/tmp/rust_mozprofile.WQiPQA8yBSaF"
1558634873851	addons.webextension.screenshots@mozilla.org	WARN	Loading extension 'screenshots@mozilla.org': Reading manifest: Invalid extension permission: mozillaAddons
1558634873852	addons.webextension.screenshots@mozilla.org	WARN	Loading extension 'screenshots@mozilla.org': Reading manifest: Invalid extension permission: resource://pdf.js/
1558634873853	addons.webextension.screenshots@mozilla.org	WARN	Loading extension 'screenshots@mozilla.org': Reading manifest: Invalid extension permission: about:reader*
JavaScript error: jar:file:///usr/lib/firefox/omni.ja!/components/addonsInfo.js, line 105: TypeError: XPCOMUtils.generateQI is not a function
1558634879138	Marionette	INFO	Listening on port 45785
1558634879355	Marionette	WARN	TLS certificate errors will be ignored for this session
console.error: BroadcastService: 
  receivedBroadcastMessage: handler for
  remote-settings/monitor_changes
  threw error:
  Message: Error: Polling for changes failed: NetworkError when attempting to fetch resource..
  Stack:
    remoteSettingsFunction/remoteSettings.pollChanges@resource://services-settings/remote-settings.js:190:13

JavaScript error: https://maxcdn.bootstrapcdn.com/bootstrap/4.0.0/js/bootstrap.min.js, line 6: TypeError: t is undefined
1558634885217	Marionette	INFO	Stopped listening on port 45785
[Parent 7345, Gecko_IOThread] WARNING: pipe error (85): Connection reset by peer: file /build/firefox-Zni615/firefox-66.0.5/ipc/chromium/src/chrome/common/ipc_channel_posix.cc, line 357
1558634902460	Marionette	INFO	Stopped listening on port 34205
[Parent 5908, Gecko_IOThread] WARNING: pipe error (69): Connection reset by peer: file /build/firefox-Zni615/firefox-66.0.5/ipc/chromium/src/chrome/common/ipc_channel_posix.cc, line 357
1558634904913	Marionette	INFO	Stopped listening on port 35711
console.error: BroadcastService: 
  receivedBroadcastMessage: handler for
  remote-settings/monitor_changes
  threw error:
  Message: Error: Polling for changes failed: NetworkError when attempting to fetch resource..
  Stack:
    remoteSettingsFunction/remoteSettings.pollChanges@resource://services-settings/remote-settings.js:190:13

Gdk-Message: 15:02:16.405: /usr/lib/firefox/firefox: Fatal IO error 11 (Resource temporarily unavailable) on X server :1.

Gdk-Message: 15:02:17.367: firefox: Fatal IO error 11 (Resource temporarily unavailable) on X server :1.

Gdk-Message: 08:02:17.105: /usr/lib/firefox/firefox: Fatal IO error 11 (Resource temporarily unavailable) on X server :1.

Gdk-Message: 08:02:19.920: /usr/lib/firefox/firefox: Fatal IO error 11 (Resource temporarily unavailable) on X server :1.

Gdk-Message: 15:02:18.166: /usr/lib/firefox/firefox: Fatal IO error 11 (Resource temporarily unavailable) on X server :1.

Gdk-Message: 15:02:18.734: /usr/lib/firefox/firefox: Fatal IO error 11 (Resource temporarily unavailable) on X server :1.

Gdk-Message: 15:02:17.927: /usr/lib/firefox/firefox: Fatal IO error 11 (Resource temporarily unavailable) on X server :1.

Gdk-Message: 15:02:30.774: firefox: Fatal IO error 11 (Resource temporarily unavailable) on X server :1.

1558772563575	mozrunner::runner	INFO	Running command: "/usr/bin/firefox" "-marionette" "-foreground" "-no-remote" "-profile" "/tmp/rust_mozprofile.CDuo92Gc1aKP"
1558772571224	addons.webextension.screenshots@mozilla.org	WARN	Loading extension 'screenshots@mozilla.org': Reading manifest: Invalid extension permission: mozillaAddons
1558772571225	addons.webextension.screenshots@mozilla.org	WARN	Loading extension 'screenshots@mozilla.org': Reading manifest: Invalid extension permission: resource://pdf.js/
1558772571226	addons.webextension.screenshots@mozilla.org	WARN	Loading extension 'screenshots@mozilla.org': Reading manifest: Invalid extension permission: about:reader*
JavaScript error: jar:file:///usr/lib/firefox/omni.ja!/components/addonsInfo.js, line 105: TypeError: XPCOMUtils.generateQI is not a function
1558772582098	Marionette	INFO	Listening on port 41259
1558772582241	Marionette	WARN	TLS certificate errors will be ignored for this session
JavaScript error: https://maxcdn.bootstrapcdn.com/bootstrap/4.0.0/js/bootstrap.min.js, line 6: TypeError: t is undefined
1558772586237	Marionette	INFO	Stopped listening on port 41259
1558773143454	mozrunner::runner	INFO	Running command: "/usr/bin/firefox" "-marionette" "-foreground" "-no-remote" "-profile" "/tmp/rust_mozprofile.NyLMGaQRE5cz"
1558773144844	addons.webextension.screenshots@mozilla.org	WARN	Loading extension 'screenshots@mozilla.org': Reading manifest: Invalid extension permission: mozillaAddons
1558773144845	addons.webextension.screenshots@mozilla.org	WARN	Loading extension 'screenshots@mozilla.org': Reading manifest: Invalid extension permission: resource://pdf.js/
1558773144846	addons.webextension.screenshots@mozilla.org	WARN	Loading extension 'screenshots@mozilla.org': Reading manifest: Invalid extension permission: about:reader*
JavaScript error: jar:file:///usr/lib/firefox/omni.ja!/components/addonsInfo.js, line 105: TypeError: XPCOMUtils.generateQI is not a function
1558773150167	Marionette	INFO	Listening on port 42819
1558773150241	Marionette	WARN	TLS certificate errors will be ignored for this session
IPDL protocol error: Handler returned error code!

###!!! [Parent][DispatchAsyncMessage] Error: PLayerTransaction::Msg_ReleaseLayer Processing error: message was deserialized, but the handler returned false (indicating failure)

IPDL protocol error: Handler returned error code!

###!!! [Parent][DispatchAsyncMessage] Error: PLayerTransaction::Msg_ReleaseLayer Processing error: message was deserialized, but the handler returned false (indicating failure)

IPDL protocol error: Handler returned error code!

###!!! [Parent][DispatchAsyncMessage] Error: PLayerTransaction::Msg_ReleaseLayer Processing error: message was deserialized, but the handler returned false (indicating failure)

IPDL protocol error: Handler returned error code!

###!!! [Parent][DispatchAsyncMessage] Error: PLayerTransaction::Msg_ReleaseLayer Processing error: message was deserialized, but the handler returned false (indicating failure)

IPDL protocol error: Handler returned error code!

###!!! [Parent][DispatchAsyncMessage] Error: PLayerTransaction::Msg_ReleaseLayer Processing error: message was deserialized, but the handler returned false (indicating failure)

1558773264521	Marionette	INFO	Stopped listening on port 42819
1558773319023	mozrunner::runner	INFO	Running command: "/usr/bin/firefox" "-marionette" "-foreground" "-no-remote" "-profile" "/tmp/rust_mozprofile.29F9kVvl2d3E"
1558773320608	addons.webextension.screenshots@mozilla.org	WARN	Loading extension 'screenshots@mozilla.org': Reading manifest: Invalid extension permission: mozillaAddons
1558773320610	addons.webextension.screenshots@mozilla.org	WARN	Loading extension 'screenshots@mozilla.org': Reading manifest: Invalid extension permission: resource://pdf.js/
1558773320611	addons.webextension.screenshots@mozilla.org	WARN	Loading extension 'screenshots@mozilla.org': Reading manifest: Invalid extension permission: about:reader*
JavaScript error: jar:file:///usr/lib/firefox/omni.ja!/components/addonsInfo.js, line 105: TypeError: XPCOMUtils.generateQI is not a function
1558773325434	Marionette	INFO	Listening on port 41169
1558773325518	Marionette	WARN	TLS certificate errors will be ignored for this session
1558773326518	Marionette	INFO	Stopped listening on port 41169
[Parent 4744, Gecko_IOThread] WARNING: pipe error (67): Connection reset by peer: file /build/firefox-Zni615/firefox-66.0.5/ipc/chromium/src/chrome/common/ipc_channel_posix.cc, line 357
1558773451044	mozrunner::runner	INFO	Running command: "/usr/bin/firefox" "-marionette" "-foreground" "-no-remote" "-profile" "/tmp/rust_mozprofile.5h6gF3Bk9rbk"
1558773452084	addons.webextension.screenshots@mozilla.org	WARN	Loading extension 'screenshots@mozilla.org': Reading manifest: Invalid extension permission: mozillaAddons
1558773452085	addons.webextension.screenshots@mozilla.org	WARN	Loading extension 'screenshots@mozilla.org': Reading manifest: Invalid extension permission: resource://pdf.js/
1558773452085	addons.webextension.screenshots@mozilla.org	WARN	Loading extension 'screenshots@mozilla.org': Reading manifest: Invalid extension permission: about:reader*
JavaScript error: jar:file:///usr/lib/firefox/omni.ja!/components/addonsInfo.js, line 105: TypeError: XPCOMUtils.generateQI is not a function
1558773455438	Marionette	INFO	Listening on port 40003
1558773455523	Marionette	WARN	TLS certificate errors will be ignored for this session
1558773456660	Marionette	INFO	Stopped listening on port 40003
1558773467535	mozrunner::runner	INFO	Running command: "/usr/bin/firefox" "-marionette" "-foreground" "-no-remote" "-profile" "/tmp/rust_mozprofile.bGBFOk5ddECL"
1558773468438	addons.webextension.screenshots@mozilla.org	WARN	Loading extension 'screenshots@mozilla.org': Reading manifest: Invalid extension permission: mozillaAddons
1558773468439	addons.webextension.screenshots@mozilla.org	WARN	Loading extension 'screenshots@mozilla.org': Reading manifest: Invalid extension permission: resource://pdf.js/
1558773468439	addons.webextension.screenshots@mozilla.org	WARN	Loading extension 'screenshots@mozilla.org': Reading manifest: Invalid extension permission: about:reader*
JavaScript error: jar:file:///usr/lib/firefox/omni.ja!/components/addonsInfo.js, line 105: TypeError: XPCOMUtils.generateQI is not a function
1558773471212	Marionette	INFO	Listening on port 37199
1558773471287	Marionette	WARN	TLS certificate errors will be ignored for this session
1558773472361	Marionette	INFO	Stopped listening on port 37199
